/**
  * Function responsável pela atualização da nota-fiscal.
  * Ele atualiza descrição e registra ações relacionada a nota-fiscal.
  * 
  * @param InvoiceDTO - classe que possui dados de nota-fiscal
  * 
  * @return bool|array      - Boa (true)| má execução (Exceptions)
  */



Return Array=>DTO     // Retornando Array contendo DTO armazenado.
Return true           // Retorna true ao controller indicando sucesso.
Return $error_pdo     // Retorna array ao controller com PDOException error.
Return $error_system  // Retorna array ao controller com Exception error.
Return "Array DTO"    // Retornando DTO armazenado.

Instancia de DTO      // Instanciando Class DTO para salvar dados.

entrada:
1: 5
2: 10
3: 7


saida:
1: 15


SELECT (SUM)entrada.quantidade, (SUM)saida.quantidade FROM entrada
INNER JOIN entrada ON produto.idproduto = entrada.idproduto;
INNER JOIN saida ON entrada.idproduto =  WHERE idproduto = idproduto;


ERROR 0 BANCO DE DADOS        = Não conectado
ERROR 1 INSERÇÃO DE DADOS     = Má sucedido
ERROR 2 ATUALIZAÇÃO DE DADOS  = ///
ERROR 3 DELEÇÃO DE DADOS      = ///
ERROR 4 BD GERAL              = erro de uma execução do SQL
ERROR 5 Sistema               = erro 
ERROR 6 DADOS REPETIDOS       = 



ERROR 404 ARQUIVO NÂO ENCONTRADO  =  
